<?xml version="1.0" encoding="UTF-8"?>
<!-- Generated by org.testng.reporters.JUnitReportReporter -->
<testsuite hostname="DESKTOP-PPGEV08" failures="0" tests="1" name="TestCases.Loginapplication" time="16.458" errors="0" timestamp="2019-08-31T01:34:40 EDT" skipped="0">
  <testcase classname="TestCases.Loginapplication" name="Login" time="16.458"/>
</testsuite> <!-- TestCases.Loginapplication -->
